[0m01:11:11.371658 [debug] [MainThread]: Sending event: {'category': 'dbt', 'action': 'invocation', 'label': 'start', 'context': [<snowplow_tracker.self_describing_json.SelfDescribingJson object at 0xffffa5c43830>, <snowplow_tracker.self_describing_json.SelfDescribingJson object at 0xffffa5f76ff0>, <snowplow_tracker.self_describing_json.SelfDescribingJson object at 0xffffa5c438c0>]}


============================== 01:11:11.376589 | 60816c71-bbe5-495f-ba63-0d6f77c45a4c ==============================
[0m01:11:11.376589 [info ] [MainThread]: Running with dbt=1.9.4
[0m01:11:11.376870 [debug] [MainThread]: running dbt with arguments {'printer_width': '80', 'indirect_selection': 'eager', 'log_cache_events': 'False', 'write_json': 'True', 'partial_parse': 'True', 'cache_selected_only': 'False', 'profiles_dir': '/home/vscode/.dbt', 'version_check': 'True', 'debug': 'False', 'log_path': 'logs', 'fail_fast': 'False', 'warn_error': 'None', 'use_colors': 'True', 'use_experimental_parser': 'False', 'no_print': 'None', 'quiet': 'False', 'empty': 'None', 'warn_error_options': 'WarnErrorOptions(include=[], exclude=[])', 'invocation_command': 'dbt init jaffle_shop', 'introspect': 'True', 'static_parser': 'True', 'target_path': 'None', 'log_format': 'default', 'send_anonymous_usage_stats': 'True'}
[0m01:11:11.381134 [warn ] [MainThread]: [ConfigFolderDirectory]: Unable to parse logging event dictionary. Failed to parse dir field: expected string or bytes-like object, got 'PosixPath'.. Dictionary: {'dir': PosixPath('/home/vscode/.dbt')}
[0m01:11:11.381377 [info ] [MainThread]: Creating dbt configuration folder at 
[0m01:11:11.381927 [debug] [MainThread]: Starter project path: /home/vscode/.local/lib/python3.12/site-packages/dbt/include/starter_project
[0m01:11:11.382862 [info ] [MainThread]: 
Your new dbt project "jaffle_shop" was created!

For more information on how to configure the profiles.yml file,
please consult the dbt documentation here:

  https://docs.getdbt.com/docs/configure-your-profile

One more thing:

Need help? Don't hesitate to reach out to us via GitHub issues or on Slack:

  https://community.getdbt.com/

Happy modeling!

[0m01:11:11.383043 [info ] [MainThread]: Setting up your profile.
[0m01:11:56.587691 [info ] [MainThread]: Profile jaffle_shop written to /home/vscode/.dbt/profiles.yml using target's sample configuration. Once updated, you'll be able to start developing with dbt.
[0m01:11:56.589456 [debug] [MainThread]: Resource report: {"command_name": "init", "command_success": true, "command_wall_clock_time": 45.240685, "process_in_blocks": "152", "process_kernel_time": 0.052931, "process_mem_max_rss": "110124", "process_out_blocks": "80", "process_user_time": 0.759018}
[0m01:11:56.589746 [debug] [MainThread]: Command `dbt init` succeeded at 01:11:56.589690 after 45.24 seconds
[0m01:11:56.589944 [debug] [MainThread]: Sending event: {'category': 'dbt', 'action': 'invocation', 'label': 'end', 'context': [<snowplow_tracker.self_describing_json.SelfDescribingJson object at 0xffffa5b69760>, <snowplow_tracker.self_describing_json.SelfDescribingJson object at 0xffffa8cc58e0>, <snowplow_tracker.self_describing_json.SelfDescribingJson object at 0xffffa7eec500>]}
[0m01:11:56.590159 [debug] [MainThread]: Flushing usage events
[0m01:11:56.673405 [debug] [MainThread]: An error was encountered while trying to flush usage events
